2025-05-21 13:48:52 - INFO - Experiment Name: samp
2025-05-21 13:48:52 - INFO - Starting training pipeline...
2025-05-21 13:48:52 - INFO - Using device: cuda
2025-05-21 13:48:52 - INFO - TensorBoard initialized at /home/savvas/SUPER-NAS/USERS/Chirag/PROJECTS/202504-spacenet9/data/spacenet9-void/experiments/exp_03/tensorboard
2025-05-21 13:48:52 - INFO - Starting training for 500 epochs
2025-05-21 13:48:52 - INFO - Epoch 1/500
2025-05-21 13:48:54 - INFO - Mean absolute difference between RGB and SAR embeddings: 0.124306
2025-05-21 13:48:54 - INFO - *******************************************
2025-05-21 13:48:54 - INFO - Similar count: 3, Dissimilar count: 13
2025-05-21 13:49:53 - INFO - Experiment Name: samp
2025-05-21 13:49:53 - INFO - Starting training pipeline...
2025-05-21 13:49:53 - INFO - Using device: cuda
2025-05-21 13:49:53 - INFO - TensorBoard initialized at /home/savvas/SUPER-NAS/USERS/Chirag/PROJECTS/202504-spacenet9/data/spacenet9-void/experiments/exp_03/tensorboard
2025-05-21 13:49:53 - INFO - Starting training for 500 epochs
2025-05-21 13:49:53 - INFO - Epoch 1/500
2025-05-21 13:49:55 - INFO - Mean absolute difference between RGB and SAR embeddings: 0.140162
2025-05-21 13:49:55 - INFO - *******************************************
2025-05-21 13:49:55 - INFO - Similar count: 9, Dissimilar count: 7
2025-05-21 13:49:55 - INFO - --- Similar Pairs ---
2025-05-21 13:55:18 - INFO - Experiment Name: samp
2025-05-21 13:55:18 - INFO - Starting training pipeline...
2025-05-21 13:55:18 - INFO - Using device: cuda
2025-05-21 13:55:18 - INFO - TensorBoard initialized at /home/savvas/SUPER-NAS/USERS/Chirag/PROJECTS/202504-spacenet9/data/spacenet9-void/experiments/exp_03/tensorboard
2025-05-21 13:55:18 - INFO - Starting training for 500 epochs
2025-05-21 13:55:18 - INFO - Epoch 1/500
2025-05-21 13:55:20 - INFO - Mean absolute difference between RGB and SAR embeddings: 0.136114
2025-05-21 13:55:20 - INFO - *******************************************
2025-05-21 13:55:20 - INFO - Similar count: 4, Dissimilar count: 12
2025-05-21 13:55:20 - INFO - --- Similar Pairs ---
2025-05-21 13:55:20 - INFO - RGB norm (Similar): min=1.0000, max=1.0000, mean=1.0000, std=0.0000
2025-05-21 13:55:20 - INFO - SAR norm (Similar): min=1.0000, max=1.0000, mean=1.0000, std=0.0000
2025-05-21 13:55:20 - INFO - Cos Sim: min=0.0054, max=0.7771, mean=0.3886
2025-05-21 13:55:20 - INFO - Gaussian: mean=0.7068, std=0.2096
2025-05-21 13:55:20 - INFO - Pos loss: mean=0.493766, sum=2022.465210
2025-05-21 13:55:20 - INFO - --- Dissimilar Pairs ---
2025-05-21 13:55:20 - INFO - RGB norm (Similar): min=1.0000, max=1.0000, mean=1.0000, std=0.0000
2025-05-21 13:55:20 - INFO - SAR norm (Similar): min=1.0000, max=1.0000, mean=1.0000, std=0.0000
2025-05-21 13:55:20 - INFO - Cos Sim: min=-0.0779, max=0.9527, mean=0.4174
2025-05-21 13:55:20 - INFO - Gaussian: mean=0.0000, std=0.0000
2025-05-21 13:55:20 - INFO - Neg loss: mean=0.066032, sum=811.406555
2025-05-21 13:55:20 - INFO - Total loss (before reduction): mean=0.172966, sum=2833.871826
2025-05-21 13:55:20 - INFO - *******************************************
2025-05-21 13:55:21 - INFO - Mean absolute difference between RGB and SAR embeddings: 0.133976
2025-05-21 13:55:21 - INFO - *******************************************
2025-05-21 13:55:21 - INFO - Similar count: 7, Dissimilar count: 9
2025-05-21 13:55:21 - INFO - --- Similar Pairs ---
2025-05-21 13:55:21 - INFO - RGB norm (Similar): min=1.0000, max=1.0000, mean=1.0000, std=0.0000
2025-05-21 13:55:21 - INFO - SAR norm (Similar): min=1.0000, max=1.0000, mean=1.0000, std=0.0000
2025-05-21 13:55:21 - INFO - Cos Sim: min=-0.3854, max=0.8644, mean=0.4388
2025-05-21 13:55:21 - INFO - Gaussian: mean=0.7169, std=0.1919
2025-05-21 13:55:21 - INFO - Pos loss: mean=0.459151, sum=3291.190918
2025-05-21 13:55:21 - INFO - --- Dissimilar Pairs ---
2025-05-21 13:55:21 - INFO - RGB norm (Similar): min=1.0000, max=1.0000, mean=1.0000, std=0.0000
2025-05-21 13:55:21 - INFO - SAR norm (Similar): min=1.0000, max=1.0000, mean=1.0000, std=0.0000
2025-05-21 13:55:21 - INFO - Cos Sim: min=-0.5285, max=0.9696, mean=0.3687
2025-05-21 13:55:21 - INFO - Gaussian: mean=0.0000, std=0.0000
2025-05-21 13:55:21 - INFO - Neg loss: mean=0.053081, sum=489.198181
2025-05-21 13:55:21 - INFO - Total loss (before reduction): mean=0.230737, sum=3780.389160
2025-05-21 13:55:21 - INFO - *******************************************
2025-05-21 13:55:22 - INFO - Mean absolute difference between RGB and SAR embeddings: 0.153173
2025-05-21 13:55:22 - INFO - *******************************************
2025-05-21 13:55:22 - INFO - Similar count: 10, Dissimilar count: 6
2025-05-21 13:55:22 - INFO - --- Similar Pairs ---
2025-05-21 13:55:22 - INFO - RGB norm (Similar): min=1.0000, max=1.0000, mean=1.0000, std=0.0000
2025-05-21 13:55:22 - INFO - SAR norm (Similar): min=1.0000, max=1.0000, mean=1.0000, std=0.0000
2025-05-21 13:55:22 - INFO - Cos Sim: min=-0.4562, max=0.9626, mean=0.6821
2025-05-21 13:55:22 - INFO - Gaussian: mean=0.7032, std=0.2002
2025-05-21 13:55:22 - INFO - Pos loss: mean=0.252404, sum=2584.619141
2025-05-21 13:55:22 - INFO - --- Dissimilar Pairs ---
2025-05-21 13:55:22 - INFO - RGB norm (Similar): min=1.0000, max=1.0000, mean=1.0000, std=0.0000
2025-05-21 13:55:22 - INFO - SAR norm (Similar): min=1.0000, max=1.0000, mean=1.0000, std=0.0000
2025-05-21 13:55:22 - INFO - Cos Sim: min=-0.2100, max=0.9785, mean=0.7148
2025-05-21 13:55:22 - INFO - Gaussian: mean=0.0000, std=0.0000
2025-05-21 13:55:22 - INFO - Neg loss: mean=0.278931, sum=1713.749146
2025-05-21 13:55:22 - INFO - Total loss (before reduction): mean=0.262352, sum=4298.368164
2025-05-21 13:55:22 - INFO - *******************************************
2025-05-21 13:55:23 - INFO - Mean absolute difference between RGB and SAR embeddings: 0.261845
2025-05-21 13:55:23 - INFO - *******************************************
2025-05-21 13:55:23 - INFO - Similar count: 4, Dissimilar count: 12
2025-05-21 13:55:23 - INFO - --- Similar Pairs ---
2025-05-21 13:55:23 - INFO - RGB norm (Similar): min=1.0000, max=1.0000, mean=1.0000, std=0.0000
2025-05-21 13:55:23 - INFO - SAR norm (Similar): min=1.0000, max=1.0000, mean=1.0000, std=0.0000
2025-05-21 13:55:23 - INFO - Cos Sim: min=0.5083, max=0.9891, mean=0.8725
2025-05-21 13:55:23 - INFO - Gaussian: mean=0.6570, std=0.2126
2025-05-21 13:55:23 - INFO - Pos loss: mean=0.095833, sum=392.533325
2025-05-21 13:55:23 - INFO - --- Dissimilar Pairs ---
2025-05-21 13:55:23 - INFO - RGB norm (Similar): min=1.0000, max=1.0000, mean=1.0000, std=0.0000
2025-05-21 13:55:23 - INFO - SAR norm (Similar): min=1.0000, max=1.0000, mean=1.0000, std=0.0000
2025-05-21 13:55:23 - INFO - Cos Sim: min=0.0192, max=0.9823, mean=0.8437
2025-05-21 13:55:23 - INFO - Gaussian: mean=0.0000, std=0.0000
2025-05-21 13:55:23 - INFO - Neg loss: mean=0.420017, sum=5161.167969
2025-05-21 13:55:23 - INFO - Total loss (before reduction): mean=0.338971, sum=5553.701172
2025-05-21 13:55:23 - INFO - *******************************************
2025-05-21 13:55:24 - INFO - Mean absolute difference between RGB and SAR embeddings: 0.257323
2025-05-21 13:55:24 - INFO - *******************************************
2025-05-21 13:55:24 - INFO - Similar count: 9, Dissimilar count: 7
2025-05-21 13:55:24 - INFO - --- Similar Pairs ---
2025-05-21 13:55:24 - INFO - RGB norm (Similar): min=1.0000, max=1.0000, mean=1.0000, std=0.0000
2025-05-21 13:55:24 - INFO - SAR norm (Similar): min=1.0000, max=1.0000, mean=1.0000, std=0.0000
2025-05-21 13:55:24 - INFO - Cos Sim: min=0.2418, max=0.9928, mean=0.8493
2025-05-21 13:55:24 - INFO - Gaussian: mean=0.6663, std=0.2131
2025-05-21 13:55:24 - INFO - Pos loss: mean=0.112633, sum=1038.023315
2025-05-21 13:55:24 - INFO - --- Dissimilar Pairs ---
2025-05-21 13:55:24 - INFO - RGB norm (Similar): min=1.0000, max=1.0000, mean=1.0000, std=0.0000
2025-05-21 13:55:24 - INFO - SAR norm (Similar): min=1.0000, max=1.0000, mean=1.0000, std=0.0000
2025-05-21 13:55:24 - INFO - Cos Sim: min=0.2389, max=0.9919, mean=0.7725
2025-05-21 13:55:24 - INFO - Gaussian: mean=0.0000, std=0.0000
2025-05-21 13:55:24 - INFO - Neg loss: mean=0.345991, sum=2480.062012
2025-05-21 13:55:24 - INFO - Total loss (before reduction): mean=0.214727, sum=3518.085449
2025-05-21 13:55:24 - INFO - *******************************************
2025-05-21 13:55:24 - INFO - Mean absolute difference between RGB and SAR embeddings: 0.256771
2025-05-21 13:55:24 - INFO - *******************************************
2025-05-21 13:55:24 - INFO - Similar count: 4, Dissimilar count: 12
2025-05-21 13:55:24 - INFO - --- Similar Pairs ---
2025-05-21 13:55:24 - INFO - RGB norm (Similar): min=1.0000, max=1.0000, mean=1.0000, std=0.0000
2025-05-21 13:55:24 - INFO - SAR norm (Similar): min=1.0000, max=1.0000, mean=1.0000, std=0.0000
2025-05-21 13:55:24 - INFO - Cos Sim: min=0.2675, max=0.9909, mean=0.8462
2025-05-21 13:55:24 - INFO - Gaussian: mean=0.7209, std=0.1915
2025-05-21 13:55:24 - INFO - Pos loss: mean=0.122315, sum=501.001038
2025-05-21 13:55:24 - INFO - --- Dissimilar Pairs ---
2025-05-21 13:55:24 - INFO - RGB norm (Similar): min=1.0000, max=1.0000, mean=1.0000, std=0.0000
2025-05-21 13:55:24 - INFO - SAR norm (Similar): min=1.0000, max=1.0000, mean=1.0000, std=0.0000
2025-05-21 13:55:24 - INFO - Cos Sim: min=-0.1474, max=0.9915, mean=0.7154
2025-05-21 13:55:24 - INFO - Gaussian: mean=0.0000, std=0.0000
2025-05-21 13:55:24 - INFO - Neg loss: mean=0.318297, sum=3911.228516
2025-05-21 13:55:24 - INFO - Total loss (before reduction): mean=0.269301, sum=4412.229492
2025-05-21 13:55:24 - INFO - *******************************************
2025-05-21 13:55:26 - INFO - Mean absolute difference between RGB and SAR embeddings: 0.244278
2025-05-21 13:55:26 - INFO - *******************************************
2025-05-21 13:55:26 - INFO - Similar count: 9, Dissimilar count: 7
2025-05-21 13:55:26 - INFO - --- Similar Pairs ---
2025-05-21 13:55:26 - INFO - RGB norm (Similar): min=1.0000, max=1.0000, mean=1.0000, std=0.0000
2025-05-21 13:55:26 - INFO - SAR norm (Similar): min=1.0000, max=1.0000, mean=1.0000, std=0.0000
2025-05-21 13:55:26 - INFO - Cos Sim: min=-0.3831, max=0.9774, mean=0.6944
2025-05-21 13:55:26 - INFO - Gaussian: mean=0.7249, std=0.1890
2025-05-21 13:55:26 - INFO - Pos loss: mean=0.249133, sum=2296.005859
2025-05-21 13:55:26 - INFO - --- Dissimilar Pairs ---
2025-05-21 13:55:26 - INFO - RGB norm (Similar): min=1.0000, max=1.0000, mean=1.0000, std=0.0000
2025-05-21 13:55:26 - INFO - SAR norm (Similar): min=1.0000, max=1.0000, mean=1.0000, std=0.0000
2025-05-21 13:55:26 - INFO - Cos Sim: min=-0.3782, max=0.9656, mean=0.5280
2025-05-21 13:55:26 - INFO - Gaussian: mean=0.0000, std=0.0000
2025-05-21 13:55:26 - INFO - Neg loss: mean=0.196633, sum=1409.463623
2025-05-21 13:55:26 - INFO - Total loss (before reduction): mean=0.226164, sum=3705.469727
2025-05-21 13:55:26 - INFO - *******************************************
2025-05-21 13:55:26 - INFO - Mean absolute difference between RGB and SAR embeddings: 0.236476
2025-05-21 13:55:26 - INFO - *******************************************
2025-05-21 13:55:26 - INFO - Similar count: 8, Dissimilar count: 8
2025-05-21 13:55:26 - INFO - --- Similar Pairs ---
2025-05-21 13:55:26 - INFO - RGB norm (Similar): min=1.0000, max=1.0000, mean=1.0000, std=0.0000
2025-05-21 13:55:26 - INFO - SAR norm (Similar): min=1.0000, max=1.0000, mean=1.0000, std=0.0000
2025-05-21 13:55:26 - INFO - Cos Sim: min=-0.4732, max=0.9777, mean=0.6028
2025-05-21 13:55:26 - INFO - Gaussian: mean=0.6699, std=0.2129
2025-05-21 13:55:26 - INFO - Pos loss: mean=0.302960, sum=2481.845215
2025-05-21 13:55:26 - INFO - --- Dissimilar Pairs ---
2025-05-21 13:55:26 - INFO - RGB norm (Similar): min=1.0000, max=1.0000, mean=1.0000, std=0.0000
2025-05-21 13:55:26 - INFO - SAR norm (Similar): min=1.0000, max=1.0000, mean=1.0000, std=0.0000
2025-05-21 13:55:26 - INFO - Cos Sim: min=-0.4765, max=0.9729, mean=0.5524
2025-05-21 13:55:26 - INFO - Gaussian: mean=0.0000, std=0.0000
2025-05-21 13:55:26 - INFO - Neg loss: mean=0.234528, sum=1921.253662
2025-05-21 13:55:26 - INFO - Total loss (before reduction): mean=0.268744, sum=4403.098633
2025-05-21 13:55:26 - INFO - *******************************************
2025-05-21 13:55:28 - INFO - Mean absolute difference between RGB and SAR embeddings: 0.157061
2025-05-21 13:55:28 - INFO - *******************************************
2025-05-21 13:55:28 - INFO - Similar count: 11, Dissimilar count: 5
2025-05-21 13:55:28 - INFO - --- Similar Pairs ---
2025-05-21 13:55:28 - INFO - RGB norm (Similar): min=1.0000, max=1.0000, mean=1.0000, std=0.0000
2025-05-21 13:55:28 - INFO - SAR norm (Similar): min=1.0000, max=1.0000, mean=1.0000, std=0.0000
2025-05-21 13:55:28 - INFO - Cos Sim: min=-0.3094, max=0.9924, mean=0.6978
2025-05-21 13:55:28 - INFO - Gaussian: mean=0.7133, std=0.1998
2025-05-21 13:55:28 - INFO - Pos loss: mean=0.242934, sum=2736.412354
2025-05-21 13:55:28 - INFO - --- Dissimilar Pairs ---
2025-05-21 13:55:28 - INFO - RGB norm (Similar): min=1.0000, max=1.0000, mean=1.0000, std=0.0000
2025-05-21 13:55:28 - INFO - SAR norm (Similar): min=1.0000, max=1.0000, mean=1.0000, std=0.0000
2025-05-21 13:55:28 - INFO - Cos Sim: min=-0.3837, max=0.9746, mean=0.4995
2025-05-21 13:55:28 - INFO - Gaussian: mean=0.0000, std=0.0000
2025-05-21 13:55:28 - INFO - Neg loss: mean=0.159188, sum=815.040527
2025-05-21 13:55:28 - INFO - Total loss (before reduction): mean=0.216763, sum=3551.452881
2025-05-21 13:55:28 - INFO - *******************************************
2025-05-21 13:55:28 - INFO - Mean absolute difference between RGB and SAR embeddings: 0.191660
2025-05-21 13:55:28 - INFO - *******************************************
2025-05-21 13:55:28 - INFO - Similar count: 4, Dissimilar count: 12
2025-05-21 13:55:28 - INFO - --- Similar Pairs ---
2025-05-21 13:55:28 - INFO - RGB norm (Similar): min=1.0000, max=1.0000, mean=1.0000, std=0.0000
2025-05-21 13:55:28 - INFO - SAR norm (Similar): min=1.0000, max=1.0000, mean=1.0000, std=0.0000
2025-05-21 13:55:28 - INFO - Cos Sim: min=-0.3255, max=0.9795, mean=0.7264
2025-05-21 13:55:28 - INFO - Gaussian: mean=0.6669, std=0.2147
2025-05-21 13:55:28 - INFO - Pos loss: mean=0.215024, sum=880.738892
2025-05-21 13:55:28 - INFO - --- Dissimilar Pairs ---
2025-05-21 13:55:28 - INFO - RGB norm (Similar): min=1.0000, max=1.0000, mean=1.0000, std=0.0000
2025-05-21 13:55:28 - INFO - SAR norm (Similar): min=1.0000, max=1.0000, mean=1.0000, std=0.0000
2025-05-21 13:55:28 - INFO - Cos Sim: min=-0.3782, max=0.9723, mean=0.6243
2025-05-21 13:55:28 - INFO - Gaussian: mean=0.0000, std=0.0000
2025-05-21 13:55:28 - INFO - Neg loss: mean=0.246709, sum=3031.555908
2025-05-21 13:55:28 - INFO - Total loss (before reduction): mean=0.238788, sum=3912.294922
2025-05-21 13:55:28 - INFO - *******************************************
2025-05-21 13:55:29 - INFO - Mean absolute difference between RGB and SAR embeddings: 0.161563
2025-05-21 13:55:29 - INFO - *******************************************
2025-05-21 13:55:29 - INFO - Similar count: 7, Dissimilar count: 9
2025-05-21 13:55:29 - INFO - --- Similar Pairs ---
2025-05-21 13:55:29 - INFO - RGB norm (Similar): min=1.0000, max=1.0000, mean=1.0000, std=0.0000
2025-05-21 13:55:29 - INFO - SAR norm (Similar): min=1.0000, max=1.0000, mean=1.0000, std=0.0000
2025-05-21 13:55:29 - INFO - Cos Sim: min=-0.3345, max=0.9894, mean=0.6943
2025-05-21 13:55:29 - INFO - Gaussian: mean=0.7317, std=0.1926
2025-05-21 13:55:29 - INFO - Pos loss: mean=0.248399, sum=1780.525391
2025-05-21 13:55:29 - INFO - --- Dissimilar Pairs ---
2025-05-21 13:55:29 - INFO - RGB norm (Similar): min=1.0000, max=1.0000, mean=1.0000, std=0.0000
2025-05-21 13:55:29 - INFO - SAR norm (Similar): min=1.0000, max=1.0000, mean=1.0000, std=0.0000
2025-05-21 13:55:29 - INFO - Cos Sim: min=-0.3647, max=0.9981, mean=0.5728
2025-05-21 13:55:29 - INFO - Gaussian: mean=0.0000, std=0.0000
2025-05-21 13:55:29 - INFO - Neg loss: mean=0.210777, sum=1942.525391
2025-05-21 13:55:29 - INFO - Total loss (before reduction): mean=0.227237, sum=3723.050781
2025-05-21 13:55:29 - INFO - *******************************************
2025-05-21 13:55:30 - INFO - Mean absolute difference between RGB and SAR embeddings: 0.168102
2025-05-21 13:55:30 - INFO - *******************************************
2025-05-21 13:55:30 - INFO - Similar count: 4, Dissimilar count: 12
2025-05-21 13:55:30 - INFO - --- Similar Pairs ---
2025-05-21 13:55:30 - INFO - RGB norm (Similar): min=1.0000, max=1.0000, mean=1.0000, std=0.0000
2025-05-21 13:55:30 - INFO - SAR norm (Similar): min=1.0000, max=1.0000, mean=1.0000, std=0.0000
2025-05-21 13:55:30 - INFO - Cos Sim: min=-0.2941, max=0.9981, mean=0.6214
2025-05-21 13:55:30 - INFO - Gaussian: mean=0.6918, std=0.2105
2025-05-21 13:55:30 - INFO - Pos loss: mean=0.300910, sum=1232.525757
2025-05-21 13:55:30 - INFO - --- Dissimilar Pairs ---
2025-05-21 13:55:30 - INFO - RGB norm (Similar): min=1.0000, max=1.0000, mean=1.0000, std=0.0000
2025-05-21 13:55:30 - INFO - SAR norm (Similar): min=1.0000, max=1.0000, mean=1.0000, std=0.0000
2025-05-21 13:55:30 - INFO - Cos Sim: min=-0.3613, max=0.9926, mean=0.5910
2025-05-21 13:55:30 - INFO - Gaussian: mean=0.0000, std=0.0000
2025-05-21 13:55:30 - INFO - Neg loss: mean=0.225155, sum=2766.707031
2025-05-21 13:55:30 - INFO - Total loss (before reduction): mean=0.244094, sum=3999.232910
2025-05-21 13:55:30 - INFO - *******************************************
2025-05-21 13:55:31 - INFO - Mean absolute difference between RGB and SAR embeddings: 0.170014
2025-05-21 13:55:31 - INFO - *******************************************
2025-05-21 13:55:31 - INFO - Similar count: 8, Dissimilar count: 8
2025-05-21 13:55:31 - INFO - --- Similar Pairs ---
2025-05-21 13:55:31 - INFO - RGB norm (Similar): min=1.0000, max=1.0000, mean=1.0000, std=0.0000
2025-05-21 13:55:31 - INFO - SAR norm (Similar): min=1.0000, max=1.0000, mean=1.0000, std=0.0000
2025-05-21 13:55:31 - INFO - Cos Sim: min=-0.3080, max=0.9963, mean=0.6260
2025-05-21 13:55:31 - INFO - Gaussian: mean=0.7270, std=0.1939
2025-05-21 13:55:31 - INFO - Pos loss: mean=0.302811, sum=2480.630859
2025-05-21 13:55:31 - INFO - --- Dissimilar Pairs ---
2025-05-21 13:55:31 - INFO - RGB norm (Similar): min=1.0000, max=1.0000, mean=1.0000, std=0.0000
2025-05-21 13:55:31 - INFO - SAR norm (Similar): min=1.0000, max=1.0000, mean=1.0000, std=0.0000
2025-05-21 13:55:31 - INFO - Cos Sim: min=-0.3439, max=0.9944, mean=0.5252
2025-05-21 13:55:31 - INFO - Gaussian: mean=0.0000, std=0.0000
2025-05-21 13:55:31 - INFO - Neg loss: mean=0.167978, sum=1376.076416
2025-05-21 13:55:31 - INFO - Total loss (before reduction): mean=0.235395, sum=3856.707275
2025-05-21 13:55:31 - INFO - *******************************************
2025-05-21 13:55:32 - INFO - Mean absolute difference between RGB and SAR embeddings: 0.145616
2025-05-21 13:55:32 - INFO - *******************************************
2025-05-21 13:55:32 - INFO - Similar count: 5, Dissimilar count: 11
2025-05-21 13:55:32 - INFO - --- Similar Pairs ---
2025-05-21 13:55:32 - INFO - RGB norm (Similar): min=1.0000, max=1.0000, mean=1.0000, std=0.0000
2025-05-21 13:55:32 - INFO - SAR norm (Similar): min=1.0000, max=1.0000, mean=1.0000, std=0.0000
2025-05-21 13:55:32 - INFO - Cos Sim: min=-0.1811, max=0.9664, mean=0.5520
2025-05-21 13:55:32 - INFO - Gaussian: mean=0.6841, std=0.2100
2025-05-21 13:55:32 - INFO - Pos loss: mean=0.348011, sum=1781.814209
2025-05-21 13:55:32 - INFO - --- Dissimilar Pairs ---
2025-05-21 13:55:32 - INFO - RGB norm (Similar): min=1.0000, max=1.0000, mean=1.0000, std=0.0000
2025-05-21 13:55:32 - INFO - SAR norm (Similar): min=1.0000, max=1.0000, mean=1.0000, std=0.0000
2025-05-21 13:55:32 - INFO - Cos Sim: min=-0.2836, max=0.9958, mean=0.4973
2025-05-21 13:55:32 - INFO - Gaussian: mean=0.0000, std=0.0000
2025-05-21 13:55:32 - INFO - Neg loss: mean=0.142009, sum=1599.590088
2025-05-21 13:55:32 - INFO - Total loss (before reduction): mean=0.206385, sum=3381.404297
2025-05-21 13:55:32 - INFO - *******************************************
2025-05-21 13:55:33 - INFO - Mean absolute difference between RGB and SAR embeddings: 0.143966
2025-05-21 13:55:33 - INFO - *******************************************
2025-05-21 13:55:33 - INFO - Similar count: 5, Dissimilar count: 11
2025-05-21 13:55:33 - INFO - --- Similar Pairs ---
2025-05-21 13:55:33 - INFO - RGB norm (Similar): min=1.0000, max=1.0000, mean=1.0000, std=0.0000
2025-05-21 13:55:33 - INFO - SAR norm (Similar): min=1.0000, max=1.0000, mean=1.0000, std=0.0000
2025-05-21 13:55:33 - INFO - Cos Sim: min=-0.0934, max=0.9939, mean=0.5847
2025-05-21 13:55:33 - INFO - Gaussian: mean=0.6622, std=0.2132
2025-05-21 13:55:33 - INFO - Pos loss: mean=0.322770, sum=1652.581787
2025-05-21 13:55:33 - INFO - --- Dissimilar Pairs ---
2025-05-21 13:55:33 - INFO - RGB norm (Similar): min=1.0000, max=1.0000, mean=1.0000, std=0.0000
2025-05-21 13:55:33 - INFO - SAR norm (Similar): min=1.0000, max=1.0000, mean=1.0000, std=0.0000
2025-05-21 13:55:33 - INFO - Cos Sim: min=-0.3838, max=0.9973, mean=0.5275
2025-05-21 13:55:33 - INFO - Gaussian: mean=0.0000, std=0.0000
2025-05-21 13:55:33 - INFO - Neg loss: mean=0.156699, sum=1765.062988
2025-05-21 13:55:33 - INFO - Total loss (before reduction): mean=0.208596, sum=3417.644531
2025-05-21 13:55:33 - INFO - *******************************************
2025-05-21 13:55:34 - INFO - Mean absolute difference between RGB and SAR embeddings: 0.148881
2025-05-21 13:55:34 - INFO - *******************************************
2025-05-21 13:55:34 - INFO - Similar count: 5, Dissimilar count: 11
2025-05-21 13:55:34 - INFO - --- Similar Pairs ---
2025-05-21 13:55:34 - INFO - RGB norm (Similar): min=1.0000, max=1.0000, mean=1.0000, std=0.0000
2025-05-21 13:55:34 - INFO - SAR norm (Similar): min=1.0000, max=1.0000, mean=1.0000, std=0.0000
2025-05-21 13:55:34 - INFO - Cos Sim: min=-0.2404, max=0.9765, mean=0.4940
2025-05-21 13:55:34 - INFO - Gaussian: mean=0.6715, std=0.2137
2025-05-21 13:55:34 - INFO - Pos loss: mean=0.390174, sum=1997.689941
2025-05-21 13:55:34 - INFO - --- Dissimilar Pairs ---
2025-05-21 13:55:34 - INFO - RGB norm (Similar): min=1.0000, max=1.0000, mean=1.0000, std=0.0000
2025-05-21 13:55:34 - INFO - SAR norm (Similar): min=1.0000, max=1.0000, mean=1.0000, std=0.0000
2025-05-21 13:55:34 - INFO - Cos Sim: min=-0.4622, max=0.9986, mean=0.3909
2025-05-21 13:55:34 - INFO - Gaussian: mean=0.0000, std=0.0000
2025-05-21 13:55:34 - INFO - Neg loss: mean=0.089750, sum=1010.938721
2025-05-21 13:55:34 - INFO - Total loss (before reduction): mean=0.183632, sum=3008.628662
2025-05-21 13:55:34 - INFO - *******************************************
2025-05-21 13:55:35 - INFO - Mean absolute difference between RGB and SAR embeddings: 0.137884
2025-05-21 13:55:35 - INFO - *******************************************
2025-05-21 13:55:35 - INFO - Similar count: 10, Dissimilar count: 6
2025-05-21 13:55:35 - INFO - --- Similar Pairs ---
2025-05-21 13:55:35 - INFO - RGB norm (Similar): min=1.0000, max=1.0000, mean=1.0000, std=0.0000
2025-05-21 13:55:35 - INFO - SAR norm (Similar): min=1.0000, max=1.0000, mean=1.0000, std=0.0000
2025-05-21 13:55:35 - INFO - Cos Sim: min=-0.3671, max=0.9971, mean=0.4875
2025-05-21 13:55:35 - INFO - Gaussian: mean=0.6593, std=0.2169
2025-05-21 13:55:35 - INFO - Pos loss: mean=0.394539, sum=4040.080566
2025-05-21 13:55:35 - INFO - --- Dissimilar Pairs ---
2025-05-21 13:55:35 - INFO - RGB norm (Similar): min=1.0000, max=1.0000, mean=1.0000, std=0.0000
2025-05-21 13:55:35 - INFO - SAR norm (Similar): min=1.0000, max=1.0000, mean=1.0000, std=0.0000
2025-05-21 13:55:35 - INFO - Cos Sim: min=-0.4628, max=0.9928, mean=0.3591
2025-05-21 13:55:35 - INFO - Gaussian: mean=0.0000, std=0.0000
2025-05-21 13:55:35 - INFO - Neg loss: mean=0.071303, sum=438.083679
2025-05-21 13:55:35 - INFO - Total loss (before reduction): mean=0.273325, sum=4478.164551
2025-05-21 13:55:35 - INFO - *******************************************
2025-05-21 13:55:35 - INFO - Mean absolute difference between RGB and SAR embeddings: 0.143962
2025-05-21 13:55:35 - INFO - *******************************************
2025-05-21 13:55:35 - INFO - Similar count: 7, Dissimilar count: 9
2025-05-21 13:55:35 - INFO - --- Similar Pairs ---
2025-05-21 13:55:35 - INFO - RGB norm (Similar): min=1.0000, max=1.0000, mean=1.0000, std=0.0000
2025-05-21 13:55:35 - INFO - SAR norm (Similar): min=1.0000, max=1.0000, mean=1.0000, std=0.0000
2025-05-21 13:55:35 - INFO - Cos Sim: min=-0.2922, max=0.9961, mean=0.5852
2025-05-21 13:55:35 - INFO - Gaussian: mean=0.7137, std=0.1973
2025-05-21 13:55:35 - INFO - Pos loss: mean=0.340408, sum=2440.047363
2025-05-21 13:55:35 - INFO - --- Dissimilar Pairs ---
2025-05-21 13:55:35 - INFO - RGB norm (Similar): min=1.0000, max=1.0000, mean=1.0000, std=0.0000
2025-05-21 13:55:35 - INFO - SAR norm (Similar): min=1.0000, max=1.0000, mean=1.0000, std=0.0000
2025-05-21 13:55:35 - INFO - Cos Sim: min=-0.4599, max=0.9979, mean=0.4180
2025-05-21 13:55:35 - INFO - Gaussian: mean=0.0000, std=0.0000
2025-05-21 13:55:35 - INFO - Neg loss: mean=0.100659, sum=927.672852
2025-05-21 13:55:35 - INFO - Total loss (before reduction): mean=0.205549, sum=3367.719971
2025-05-21 13:55:35 - INFO - *******************************************
