2025-05-18 22:48:26 - INFO - Experiment Name: samp
2025-05-18 22:48:26 - INFO - Starting training pipeline...
2025-05-18 22:48:26 - INFO - Using device: cuda
2025-05-18 22:48:26 - INFO - Setting Loss_fn: contrastive and Optimizer with Lr: 0.001
2025-05-18 22:48:26 - INFO - TensorBoard initialized at /home/savvas/SUPER-NAS/USERS/Chirag/PROJECTS/202504-spacenet9/data/spacenet9-void/experiments/exp_01/tensorboard
2025-05-18 22:48:26 - INFO - Starting training for 100 epochs
2025-05-18 22:48:26 - INFO - Epoch 1/100
2025-05-18 22:50:18 - INFO - Epoch 1 - Train Loss: 0.2215
2025-05-18 22:50:41 - INFO - Epoch 1 - Validation Loss: 0.1498
2025-05-18 22:50:42 - INFO - Epoch 2/100
2025-05-18 22:52:34 - INFO - Epoch 2 - Train Loss: 0.1968
2025-05-18 22:52:58 - INFO - Epoch 2 - Validation Loss: 0.2467
2025-05-18 22:52:58 - INFO - Epoch 3/100
2025-05-18 22:54:49 - INFO - Epoch 3 - Train Loss: 0.2129
2025-05-18 22:55:12 - INFO - Epoch 3 - Validation Loss: 0.2207
2025-05-18 22:55:12 - INFO - Epoch 4/100
2025-05-18 22:57:03 - INFO - Epoch 4 - Train Loss: 0.2009
2025-05-18 22:57:26 - INFO - Epoch 4 - Validation Loss: 0.6741
2025-05-18 22:57:26 - INFO - Epoch 5/100
2025-05-18 22:59:18 - INFO - Epoch 5 - Train Loss: 0.1878
2025-05-18 22:59:42 - INFO - Epoch 5 - Validation Loss: 0.2430
2025-05-18 22:59:42 - INFO - Epoch 6/100
2025-05-18 23:01:33 - INFO - Epoch 6 - Train Loss: 0.1739
2025-05-18 23:01:56 - INFO - Epoch 6 - Validation Loss: 0.2118
2025-05-18 23:01:56 - INFO - Epoch 7/100
2025-05-18 23:03:48 - INFO - Epoch 7 - Train Loss: 0.1610
2025-05-18 23:04:12 - INFO - Epoch 7 - Validation Loss: 0.1462
2025-05-18 23:04:12 - INFO - Epoch 8/100
2025-05-18 23:06:04 - INFO - Epoch 8 - Train Loss: 0.1777
2025-05-18 23:06:27 - INFO - Epoch 8 - Validation Loss: 0.1860
2025-05-18 23:06:27 - INFO - Epoch 9/100
2025-05-18 23:08:19 - INFO - Epoch 9 - Train Loss: 0.1618
2025-05-18 23:08:43 - INFO - Epoch 9 - Validation Loss: 0.1806
2025-05-18 23:08:43 - INFO - Epoch 10/100
2025-05-18 23:10:34 - INFO - Epoch 10 - Train Loss: 0.1567
2025-05-18 23:10:57 - INFO - Epoch 10 - Validation Loss: 0.1822
2025-05-18 23:10:58 - INFO - Epoch 11/100
2025-05-18 23:12:50 - INFO - Epoch 11 - Train Loss: 0.1681
2025-05-18 23:13:14 - INFO - Epoch 11 - Validation Loss: 0.1883
2025-05-18 23:13:14 - INFO - Epoch 12/100
2025-05-18 23:15:06 - INFO - Epoch 12 - Train Loss: 0.1663
2025-05-18 23:15:30 - INFO - Epoch 12 - Validation Loss: 0.2975
2025-05-18 23:15:30 - INFO - Epoch 13/100
2025-05-18 23:17:21 - INFO - Epoch 13 - Train Loss: 0.1640
2025-05-18 23:17:45 - INFO - Epoch 13 - Validation Loss: 0.1920
2025-05-18 23:17:45 - INFO - Epoch 14/100
2025-05-18 23:19:36 - INFO - Epoch 14 - Train Loss: 0.1550
2025-05-18 23:20:00 - INFO - Epoch 14 - Validation Loss: 0.1981
2025-05-18 23:20:00 - INFO - Epoch 15/100
2025-05-18 23:21:51 - INFO - Epoch 15 - Train Loss: 0.1560
2025-05-18 23:22:15 - INFO - Epoch 15 - Validation Loss: 0.1592
2025-05-18 23:22:15 - INFO - Epoch 16/100
2025-05-18 23:24:07 - INFO - Epoch 16 - Train Loss: 0.1513
2025-05-18 23:24:30 - INFO - Epoch 16 - Validation Loss: 0.1658
2025-05-18 23:24:30 - INFO - Epoch 17/100
2025-05-18 23:26:22 - INFO - Epoch 17 - Train Loss: 0.1503
2025-05-18 23:26:46 - INFO - Epoch 17 - Validation Loss: 0.1503
2025-05-18 23:26:46 - INFO - Epoch 18/100
2025-05-18 23:28:38 - INFO - Epoch 18 - Train Loss: 0.1472
2025-05-18 23:29:01 - INFO - Epoch 18 - Validation Loss: 0.2442
2025-05-18 23:29:01 - INFO - Epoch 19/100
2025-05-18 23:30:53 - INFO - Epoch 19 - Train Loss: 0.1446
2025-05-18 23:31:17 - INFO - Epoch 19 - Validation Loss: 0.1756
2025-05-18 23:31:17 - INFO - Epoch 20/100
2025-05-18 23:33:10 - INFO - Epoch 20 - Train Loss: 0.1451
2025-05-18 23:33:33 - INFO - Epoch 20 - Validation Loss: 0.2035
2025-05-18 23:33:34 - INFO - Epoch 21/100
2025-05-18 23:35:25 - INFO - Epoch 21 - Train Loss: 0.1401
2025-05-18 23:35:49 - INFO - Epoch 21 - Validation Loss: 0.1520
2025-05-18 23:35:49 - INFO - Epoch 22/100
2025-05-18 23:37:41 - INFO - Epoch 22 - Train Loss: 0.1412
2025-05-18 23:38:04 - INFO - Epoch 22 - Validation Loss: 0.2229
2025-05-18 23:38:04 - INFO - Epoch 23/100
2025-05-18 23:39:56 - INFO - Epoch 23 - Train Loss: 0.1390
2025-05-18 23:40:19 - INFO - Epoch 23 - Validation Loss: 0.5770
2025-05-18 23:40:19 - INFO - Epoch 24/100
2025-05-18 23:42:11 - INFO - Epoch 24 - Train Loss: 0.1342
2025-05-18 23:42:35 - INFO - Epoch 24 - Validation Loss: 0.1564
2025-05-18 23:42:35 - INFO - Epoch 25/100
2025-05-18 23:44:27 - INFO - Epoch 25 - Train Loss: 0.1419
2025-05-18 23:44:51 - INFO - Epoch 25 - Validation Loss: 0.1866
2025-05-18 23:44:51 - INFO - Epoch 26/100
2025-05-18 23:46:45 - INFO - Epoch 26 - Train Loss: 0.1325
2025-05-18 23:47:10 - INFO - Epoch 26 - Validation Loss: 0.2890
2025-05-18 23:47:10 - INFO - Epoch 27/100
2025-05-18 23:49:05 - INFO - Epoch 27 - Train Loss: 0.1341
2025-05-18 23:49:29 - INFO - Epoch 27 - Validation Loss: 0.2345
2025-05-18 23:49:29 - INFO - Epoch 28/100
2025-05-18 23:51:22 - INFO - Epoch 28 - Train Loss: 0.1259
2025-05-18 23:51:45 - INFO - Epoch 28 - Validation Loss: 0.3289
2025-05-18 23:51:45 - INFO - Epoch 29/100
2025-05-18 23:53:38 - INFO - Epoch 29 - Train Loss: 0.1300
2025-05-18 23:54:01 - INFO - Epoch 29 - Validation Loss: 0.3237
2025-05-18 23:54:01 - INFO - Epoch 30/100
2025-05-18 23:55:54 - INFO - Epoch 30 - Train Loss: 0.1300
2025-05-18 23:56:18 - INFO - Epoch 30 - Validation Loss: 0.1630
2025-05-18 23:56:18 - INFO - Epoch 31/100
2025-05-18 23:58:11 - INFO - Epoch 31 - Train Loss: 0.1287
2025-05-18 23:58:35 - INFO - Epoch 31 - Validation Loss: 0.2036
2025-05-18 23:58:35 - INFO - Epoch 32/100
2025-05-19 00:00:29 - INFO - Epoch 32 - Train Loss: 0.1242
2025-05-19 00:00:55 - INFO - Epoch 32 - Validation Loss: 0.3013
2025-05-19 00:00:55 - INFO - Epoch 33/100
2025-05-19 00:02:49 - INFO - Epoch 33 - Train Loss: 0.1195
2025-05-19 00:03:13 - INFO - Epoch 33 - Validation Loss: 0.3863
2025-05-19 00:03:13 - INFO - Epoch 34/100
2025-05-19 00:05:06 - INFO - Epoch 34 - Train Loss: 0.1282
2025-05-19 00:05:29 - INFO - Epoch 34 - Validation Loss: 0.4266
2025-05-19 00:05:29 - INFO - Epoch 35/100
2025-05-19 00:07:23 - INFO - Epoch 35 - Train Loss: 0.1238
2025-05-19 00:07:47 - INFO - Epoch 35 - Validation Loss: 0.2277
2025-05-19 00:07:47 - INFO - Epoch 36/100
2025-05-19 00:09:40 - INFO - Epoch 36 - Train Loss: 0.1178
2025-05-19 00:10:03 - INFO - Epoch 36 - Validation Loss: 0.2868
2025-05-19 00:10:03 - INFO - Epoch 37/100
2025-05-19 00:11:55 - INFO - Epoch 37 - Train Loss: 0.1110
2025-05-19 00:12:19 - INFO - Epoch 37 - Validation Loss: 0.4382
2025-05-19 00:12:19 - INFO - Epoch 38/100
2025-05-19 00:14:11 - INFO - Epoch 38 - Train Loss: 0.1116
2025-05-19 00:14:34 - INFO - Epoch 38 - Validation Loss: 0.1493
2025-05-19 00:14:34 - INFO - Epoch 39/100
2025-05-19 00:16:27 - INFO - Epoch 39 - Train Loss: 0.1133
2025-05-19 00:16:51 - INFO - Epoch 39 - Validation Loss: 0.2750
2025-05-19 00:16:51 - INFO - Epoch 40/100
2025-05-19 00:18:44 - INFO - Epoch 40 - Train Loss: 0.1146
2025-05-19 00:19:07 - INFO - Epoch 40 - Validation Loss: 0.1415
2025-05-19 00:19:11 - INFO - Epoch 41/100
2025-05-19 00:21:03 - INFO - Epoch 41 - Train Loss: 0.1110
2025-05-19 00:21:26 - INFO - Epoch 41 - Validation Loss: 0.1727
2025-05-19 00:21:26 - INFO - Epoch 42/100
2025-05-19 00:23:18 - INFO - Epoch 42 - Train Loss: 0.1074
2025-05-19 00:23:42 - INFO - Epoch 42 - Validation Loss: 0.1495
2025-05-19 00:23:42 - INFO - Epoch 43/100
2025-05-19 00:25:33 - INFO - Epoch 43 - Train Loss: 0.1151
2025-05-19 00:25:56 - INFO - Epoch 43 - Validation Loss: 0.1579
2025-05-19 00:25:56 - INFO - Epoch 44/100
2025-05-19 00:27:48 - INFO - Epoch 44 - Train Loss: 0.1032
2025-05-19 00:28:12 - INFO - Epoch 44 - Validation Loss: 0.2019
2025-05-19 00:28:12 - INFO - Epoch 45/100
2025-05-19 00:30:03 - INFO - Epoch 45 - Train Loss: 0.1114
2025-05-19 00:30:27 - INFO - Epoch 45 - Validation Loss: 0.1478
2025-05-19 00:30:27 - INFO - Epoch 46/100
2025-05-19 00:32:22 - INFO - Epoch 46 - Train Loss: 0.0983
2025-05-19 00:32:46 - INFO - Epoch 46 - Validation Loss: 0.1725
2025-05-19 00:32:46 - INFO - Epoch 47/100
2025-05-19 00:34:37 - INFO - Epoch 47 - Train Loss: 0.0970
2025-05-19 00:35:01 - INFO - Epoch 47 - Validation Loss: 0.1697
2025-05-19 00:35:01 - INFO - Epoch 48/100
2025-05-19 00:36:52 - INFO - Epoch 48 - Train Loss: 0.0978
2025-05-19 00:37:16 - INFO - Epoch 48 - Validation Loss: 0.2264
2025-05-19 00:37:16 - INFO - Epoch 49/100
2025-05-19 00:39:07 - INFO - Epoch 49 - Train Loss: 0.1001
2025-05-19 00:39:31 - INFO - Epoch 49 - Validation Loss: 0.1153
2025-05-19 00:39:34 - INFO - Epoch 50/100
2025-05-19 00:41:26 - INFO - Epoch 50 - Train Loss: 0.0956
2025-05-19 00:41:50 - INFO - Epoch 50 - Validation Loss: 0.1385
2025-05-19 00:41:50 - INFO - Epoch 51/100
2025-05-19 00:43:42 - INFO - Epoch 51 - Train Loss: 0.0933
2025-05-19 00:44:06 - INFO - Epoch 51 - Validation Loss: 0.1617
2025-05-19 00:44:06 - INFO - Epoch 52/100
2025-05-19 00:45:57 - INFO - Epoch 52 - Train Loss: 0.0924
2025-05-19 00:46:21 - INFO - Epoch 52 - Validation Loss: 0.1520
2025-05-19 00:46:21 - INFO - Epoch 53/100
2025-05-19 00:48:13 - INFO - Epoch 53 - Train Loss: 0.0946
2025-05-19 00:48:37 - INFO - Epoch 53 - Validation Loss: 0.2047
2025-05-19 00:48:37 - INFO - Epoch 54/100
2025-05-19 00:50:28 - INFO - Epoch 54 - Train Loss: 0.0916
2025-05-19 00:50:52 - INFO - Epoch 54 - Validation Loss: 0.1342
2025-05-19 00:50:52 - INFO - Epoch 55/100
2025-05-19 00:52:43 - INFO - Epoch 55 - Train Loss: 0.0959
2025-05-19 00:53:06 - INFO - Epoch 55 - Validation Loss: 0.1569
2025-05-19 00:53:07 - INFO - Epoch 56/100
2025-05-19 00:55:00 - INFO - Epoch 56 - Train Loss: 0.0876
2025-05-19 00:55:24 - INFO - Epoch 56 - Validation Loss: 0.1259
2025-05-19 00:55:24 - INFO - Epoch 57/100
2025-05-19 00:57:18 - INFO - Epoch 57 - Train Loss: 0.0839
2025-05-19 00:57:42 - INFO - Epoch 57 - Validation Loss: 0.1807
2025-05-19 00:57:42 - INFO - Epoch 58/100
2025-05-19 00:59:34 - INFO - Epoch 58 - Train Loss: 0.0848
2025-05-19 00:59:57 - INFO - Epoch 58 - Validation Loss: 0.1675
2025-05-19 00:59:57 - INFO - Epoch 59/100
2025-05-19 01:01:49 - INFO - Epoch 59 - Train Loss: 0.0845
2025-05-19 01:02:13 - INFO - Epoch 59 - Validation Loss: 0.2438
2025-05-19 01:02:13 - INFO - Epoch 60/100
2025-05-19 01:04:05 - INFO - Epoch 60 - Train Loss: 0.0849
2025-05-19 01:04:29 - INFO - Epoch 60 - Validation Loss: 0.1764
2025-05-19 01:04:29 - INFO - Epoch 61/100
2025-05-19 01:06:20 - INFO - Epoch 61 - Train Loss: 0.0842
2025-05-19 01:06:44 - INFO - Epoch 61 - Validation Loss: 0.1710
2025-05-19 01:06:44 - INFO - Epoch 62/100
2025-05-19 01:08:37 - INFO - Epoch 62 - Train Loss: 0.0829
2025-05-19 01:09:01 - INFO - Epoch 62 - Validation Loss: 0.1545
2025-05-19 01:09:01 - INFO - Epoch 63/100
2025-05-19 01:10:52 - INFO - Epoch 63 - Train Loss: 0.0817
2025-05-19 01:11:16 - INFO - Epoch 63 - Validation Loss: 0.1589
2025-05-19 01:11:16 - INFO - Epoch 64/100
2025-05-19 01:13:07 - INFO - Epoch 64 - Train Loss: 0.0853
2025-05-19 01:13:31 - INFO - Epoch 64 - Validation Loss: 0.1867
2025-05-19 01:13:31 - INFO - Epoch 65/100
2025-05-19 01:15:22 - INFO - Epoch 65 - Train Loss: 0.0793
2025-05-19 01:15:45 - INFO - Epoch 65 - Validation Loss: 0.1246
2025-05-19 01:15:46 - INFO - Epoch 66/100
2025-05-19 01:17:38 - INFO - Epoch 66 - Train Loss: 0.0778
2025-05-19 01:18:02 - INFO - Epoch 66 - Validation Loss: 0.1687
2025-05-19 01:18:02 - INFO - Epoch 67/100
2025-05-19 01:19:53 - INFO - Epoch 67 - Train Loss: 0.0751
2025-05-19 01:20:16 - INFO - Epoch 67 - Validation Loss: 0.1562
2025-05-19 01:20:16 - INFO - Epoch 68/100
2025-05-19 01:22:09 - INFO - Epoch 68 - Train Loss: 0.0763
2025-05-19 01:22:33 - INFO - Epoch 68 - Validation Loss: 0.1463
2025-05-19 01:22:33 - INFO - Epoch 69/100
2025-05-19 01:24:24 - INFO - Epoch 69 - Train Loss: 0.0775
2025-05-19 01:24:48 - INFO - Epoch 69 - Validation Loss: 0.1452
2025-05-19 01:24:48 - INFO - Epoch 70/100
2025-05-19 01:26:40 - INFO - Epoch 70 - Train Loss: 0.0759
2025-05-19 01:27:03 - INFO - Epoch 70 - Validation Loss: 0.1656
2025-05-19 01:27:04 - INFO - Epoch 71/100
2025-05-19 01:28:58 - INFO - Epoch 71 - Train Loss: 0.0768
2025-05-19 01:29:22 - INFO - Epoch 71 - Validation Loss: 0.1473
2025-05-19 01:29:22 - INFO - Epoch 72/100
2025-05-19 01:31:14 - INFO - Epoch 72 - Train Loss: 0.0728
2025-05-19 01:31:38 - INFO - Epoch 72 - Validation Loss: 0.1644
2025-05-19 01:31:38 - INFO - Epoch 73/100
2025-05-19 01:33:30 - INFO - Epoch 73 - Train Loss: 0.0751
2025-05-19 01:33:54 - INFO - Epoch 73 - Validation Loss: 0.1593
2025-05-19 01:33:54 - INFO - Epoch 74/100
2025-05-19 01:35:47 - INFO - Epoch 74 - Train Loss: 0.0794
2025-05-19 01:36:11 - INFO - Epoch 74 - Validation Loss: 0.2080
2025-05-19 01:36:11 - INFO - Epoch 75/100
2025-05-19 01:38:02 - INFO - Epoch 75 - Train Loss: 0.0753
2025-05-19 01:38:26 - INFO - Epoch 75 - Validation Loss: 0.1371
2025-05-19 01:38:26 - INFO - Epoch 76/100
2025-05-19 01:40:19 - INFO - Epoch 76 - Train Loss: 0.0689
2025-05-19 01:40:44 - INFO - Epoch 76 - Validation Loss: 0.4854
2025-05-19 01:40:44 - INFO - Epoch 77/100
2025-05-19 01:42:38 - INFO - Epoch 77 - Train Loss: 0.0694
2025-05-19 01:43:03 - INFO - Epoch 77 - Validation Loss: 0.1385
2025-05-19 01:43:03 - INFO - Epoch 78/100
2025-05-19 01:44:55 - INFO - Epoch 78 - Train Loss: 0.0679
2025-05-19 01:45:19 - INFO - Epoch 78 - Validation Loss: 0.1627
2025-05-19 01:45:19 - INFO - Epoch 79/100
2025-05-19 01:47:10 - INFO - Epoch 79 - Train Loss: 0.0722
2025-05-19 01:47:33 - INFO - Epoch 79 - Validation Loss: 0.1781
2025-05-19 01:47:33 - INFO - Epoch 80/100
2025-05-19 01:49:26 - INFO - Epoch 80 - Train Loss: 0.0665
2025-05-19 01:49:50 - INFO - Epoch 80 - Validation Loss: 0.2007
2025-05-19 01:49:50 - INFO - Epoch 81/100
2025-05-19 01:51:43 - INFO - Epoch 81 - Train Loss: 0.0675
2025-05-19 01:52:06 - INFO - Epoch 81 - Validation Loss: 0.1865
2025-05-19 01:52:06 - INFO - Epoch 82/100
2025-05-19 01:53:58 - INFO - Epoch 82 - Train Loss: 0.0704
2025-05-19 01:54:22 - INFO - Epoch 82 - Validation Loss: 0.1528
2025-05-19 01:54:22 - INFO - Epoch 83/100
2025-05-19 01:56:14 - INFO - Epoch 83 - Train Loss: 0.0583
2025-05-19 01:56:37 - INFO - Epoch 83 - Validation Loss: 0.1559
2025-05-19 01:56:37 - INFO - Epoch 84/100
2025-05-19 01:58:29 - INFO - Epoch 84 - Train Loss: 0.0686
2025-05-19 01:58:53 - INFO - Epoch 84 - Validation Loss: 0.1408
2025-05-19 01:58:53 - INFO - Epoch 85/100
2025-05-19 02:00:43 - INFO - Epoch 85 - Train Loss: 0.0602
2025-05-19 02:01:07 - INFO - Epoch 85 - Validation Loss: 0.1315
2025-05-19 02:01:07 - INFO - Epoch 86/100
2025-05-19 02:03:01 - INFO - Epoch 86 - Train Loss: 0.0576
2025-05-19 02:03:24 - INFO - Epoch 86 - Validation Loss: 0.1475
2025-05-19 02:03:24 - INFO - Epoch 87/100
2025-05-19 02:05:16 - INFO - Epoch 87 - Train Loss: 0.0606
2025-05-19 02:05:40 - INFO - Epoch 87 - Validation Loss: 0.1284
2025-05-19 02:05:40 - INFO - Epoch 88/100
2025-05-19 02:07:32 - INFO - Epoch 88 - Train Loss: 0.0595
2025-05-19 02:07:55 - INFO - Epoch 88 - Validation Loss: 0.2352
2025-05-19 02:07:55 - INFO - Epoch 89/100
2025-05-19 02:09:48 - INFO - Epoch 89 - Train Loss: 0.0609
2025-05-19 02:10:11 - INFO - Epoch 89 - Validation Loss: 0.1346
2025-05-19 02:10:11 - INFO - Epoch 90/100
2025-05-19 02:12:03 - INFO - Epoch 90 - Train Loss: 0.0584
2025-05-19 02:12:27 - INFO - Epoch 90 - Validation Loss: 0.1328
2025-05-19 02:12:27 - INFO - Epoch 91/100
2025-05-19 02:14:21 - INFO - Epoch 91 - Train Loss: 0.0576
2025-05-19 02:14:45 - INFO - Epoch 91 - Validation Loss: 0.1429
2025-05-19 02:14:45 - INFO - Epoch 92/100
2025-05-19 02:16:38 - INFO - Epoch 92 - Train Loss: 0.0588
2025-05-19 02:17:02 - INFO - Epoch 92 - Validation Loss: 0.1583
2025-05-19 02:17:02 - INFO - Epoch 93/100
2025-05-19 02:18:54 - INFO - Epoch 93 - Train Loss: 0.0592
2025-05-19 02:19:18 - INFO - Epoch 93 - Validation Loss: 0.2145
2025-05-19 02:19:18 - INFO - Epoch 94/100
2025-05-19 02:21:10 - INFO - Epoch 94 - Train Loss: 0.0605
2025-05-19 02:21:34 - INFO - Epoch 94 - Validation Loss: 0.1341
2025-05-19 02:21:34 - INFO - Epoch 95/100
2025-05-19 02:23:26 - INFO - Epoch 95 - Train Loss: 0.0583
2025-05-19 02:23:50 - INFO - Epoch 95 - Validation Loss: 0.1563
2025-05-19 02:23:50 - INFO - Epoch 96/100
2025-05-19 02:25:41 - INFO - Epoch 96 - Train Loss: 0.0551
2025-05-19 02:26:05 - INFO - Epoch 96 - Validation Loss: 0.1539
2025-05-19 02:26:05 - INFO - Epoch 97/100
2025-05-19 02:27:57 - INFO - Epoch 97 - Train Loss: 0.0526
2025-05-19 02:28:21 - INFO - Epoch 97 - Validation Loss: 0.1541
2025-05-19 02:28:21 - INFO - Epoch 98/100
2025-05-19 02:30:13 - INFO - Epoch 98 - Train Loss: 0.0542
2025-05-19 02:30:36 - INFO - Epoch 98 - Validation Loss: 0.2396
2025-05-19 02:30:36 - INFO - Epoch 99/100
2025-05-19 02:32:28 - INFO - Epoch 99 - Train Loss: 0.0545
2025-05-19 02:32:52 - INFO - Epoch 99 - Validation Loss: 0.2387
2025-05-19 02:32:52 - INFO - Epoch 100/100
2025-05-19 02:34:44 - INFO - Epoch 100 - Train Loss: 0.0547
2025-05-19 02:35:08 - INFO - Epoch 100 - Validation Loss: 0.2757
2025-05-19 02:35:08 - INFO - Training complete.
